<?xml version="1.0" encoding="UTF-8" ?>
<testsuite tests="7" failures="0" name="cs636.pizza.service.AdminServiceTest" time="0.083" errors="0" skipped="0">
  <properties>
[...]
</properties>
  <testcase classname="cs636.pizza.service.AdminServiceTest" name="testRemoveNonExistentPizzaSize" time="0.002"/>
  <testcase classname="cs636.pizza.service.AdminServiceTest" name="testAddPizzaSize" time="0.014"/>
  <testcase classname="cs636.pizza.service.AdminServiceTest" name="testAddTopping" time="0.012"/>
  <testcase classname="cs636.pizza.service.AdminServiceTest" name="testAddDupPizzaSize" time="0.016"/>
  <testcase classname="cs636.pizza.service.AdminServiceTest" name="testAddTopping1" time="0.014"/>
  <testcase classname="cs636.pizza.service.AdminServiceTest" name="testGetPizzaSizes" time="0.013"/>
  <testcase classname="cs636.pizza.service.AdminServiceTest" name="testAddRemovePizzaSize" time="0.012"/>
</testsuite>